d:\asmbook 7\examples\project32_vs2013\debug\project.ilk
d:\asmbook 7\examples\project32_vs2013\debug\project.exe
d:\asmbook 7\examples\project32_vs2013\debug\project.pdb
d:\asmbook 7\examples\project32_vs2013\debug\addtwo.obj
d:\asmbook 7\examples\project32_vs2015\debug\project.ilk
d:\asmbook 7\examples\project32_vs2015\debug\project.exe
d:\asmbook 7\examples\project32_vs2015\debug\project.pdb
d:\asmbook 7\examples\project32_vs2015\debug\addtwo.obj
c:\cs271\project_base\debug\addtwo.obj
c:\cs271\project_base\debug\project.ilk
c:\cs271\project_base\debug\link-cvtres.read.1.tlog
c:\cs271\project_base\debug\link-cvtres.write.1.tlog
c:\cs271\project_base\debug\link-rc.read.1.tlog
c:\cs271\project_base\debug\link-rc.write.1.tlog
c:\cs271\project_base\debug\link.command.1.tlog
c:\cs271\project_base\debug\link.read.1.tlog
c:\cs271\project_base\debug\link.write.1.tlog
c:\cs271\project_base\debug\project.write.1.tlog
c:\cs271\project_base\debug\project.pdb
c:\cs271\project_base\debug\project.exe
c:\cs271\project_base\debug\project.tlog\link.command.1.tlog
c:\cs271\project_base\debug\project.tlog\link.read.1.tlog
c:\cs271\project_base\debug\project.tlog\link.write.1.tlog
c:\cs271\project_base\debug\project.tlog\project.write.1u.tlog
